This is pdfTeX, Version 3.14159265-2.6-1.40.17 (TeX Live 2016) (preloaded format=pdflatex 2018.4.5)  10 APR 2018 19:47
entering extended mode
 restricted \write18 enabled.
 %&-line parsing enabled.
**CS2002-Practical4-Report.tex
(./CS2002-Practical4-Report.tex
LaTeX2e <2016/03/31>
Babel <3.9r> and hyphenation patterns for 80 language(s) loaded.
(/usr/share/texlive/texmf-dist/tex/latex/base/article.cls
Document Class: article 2014/09/29 v1.4h Standard LaTeX document class
(/usr/share/texlive/texmf-dist/tex/latex/base/size10.clo
File: size10.clo 2014/09/29 v1.4h Standard LaTeX file (size option)
)
\c@part=\count79
\c@section=\count80
\c@subsection=\count81
\c@subsubsection=\count82
\c@paragraph=\count83
\c@subparagraph=\count84
\c@figure=\count85
\c@table=\count86
\abovecaptionskip=\skip41
\belowcaptionskip=\skip42
\bibindent=\dimen102
)
(/usr/share/texlive/texmf-dist/tex/latex/graphics/graphicx.sty
Package: graphicx 2014/10/28 v1.0g Enhanced LaTeX Graphics (DPC,SPQR)

(/usr/share/texlive/texmf-dist/tex/latex/graphics/keyval.sty
Package: keyval 2014/10/28 v1.15 key=value parser (DPC)
\KV@toks@=\toks14
)
(/usr/share/texlive/texmf-dist/tex/latex/graphics/graphics.sty
Package: graphics 2016/05/09 v1.0r Standard LaTeX Graphics (DPC,SPQR)

(/usr/share/texlive/texmf-dist/tex/latex/graphics/trig.sty
Package: trig 2016/01/03 v1.10 sin cos tan (DPC)
)
(/usr/share/texlive/texmf-dist/tex/latex/graphics-cfg/graphics.cfg
File: graphics.cfg 2016/01/02 v1.10 sample graphics configuration
)
Package graphics Info: Driver file: pdftex.def on input line 96.

(/usr/share/texlive/texmf-dist/tex/latex/graphics-def/pdftex.def
File: pdftex.def 2016/07/10 v0.06j Graphics/color for pdfTeX

(/usr/share/texlive/texmf-dist/tex/generic/oberdiek/infwarerr.sty
Package: infwarerr 2016/05/16 v1.4 Providing info/warning/error messages (HO)
)
(/usr/share/texlive/texmf-dist/tex/generic/oberdiek/ltxcmds.sty
Package: ltxcmds 2016/05/16 v1.23 LaTeX kernel commands for general use (HO)
)
\Gread@gobject=\count87
))
\Gin@req@height=\dimen103
\Gin@req@width=\dimen104
)

LaTeX Warning: Unused global option(s):
    [11].

(./CS2002-Practical4-Report.aux)
\openout1 = `CS2002-Practical4-Report.aux'.

LaTeX Font Info:    Checking defaults for OML/cmm/m/it on input line 10.
LaTeX Font Info:    ... okay on input line 10.
LaTeX Font Info:    Checking defaults for T1/cmr/m/n on input line 10.
LaTeX Font Info:    ... okay on input line 10.
LaTeX Font Info:    Checking defaults for OT1/cmr/m/n on input line 10.
LaTeX Font Info:    ... okay on input line 10.
LaTeX Font Info:    Checking defaults for OMS/cmsy/m/n on input line 10.
LaTeX Font Info:    ... okay on input line 10.
LaTeX Font Info:    Checking defaults for OMX/cmex/m/n on input line 10.
LaTeX Font Info:    ... okay on input line 10.
LaTeX Font Info:    Checking defaults for U/cmr/m/n on input line 10.
LaTeX Font Info:    ... okay on input line 10.

(/usr/share/texlive/texmf-dist/tex/context/base/mkii/supp-pdf.mkii
[Loading MPS to PDF converter (version 2006.09.02).]
\scratchcounter=\count88
\scratchdimen=\dimen105
\scratchbox=\box26
\nofMPsegments=\count89
\nofMParguments=\count90
\everyMPshowfont=\toks15
\MPscratchCnt=\count91
\MPscratchDim=\dimen106
\MPnumerator=\count92
\makeMPintoPDFobject=\count93
\everyMPtoPDFconversion=\toks16
) (/usr/share/texlive/texmf-dist/tex/generic/oberdiek/pdftexcmds.sty
Package: pdftexcmds 2016/05/21 v0.22 Utility functions of pdfTeX for LuaTeX (HO
)

(/usr/share/texlive/texmf-dist/tex/generic/oberdiek/ifluatex.sty
Package: ifluatex 2016/05/16 v1.4 Provides the ifluatex switch (HO)
Package ifluatex Info: LuaTeX not detected.
)
(/usr/share/texlive/texmf-dist/tex/generic/oberdiek/ifpdf.sty
Package: ifpdf 2016/05/14 v3.1 Provides the ifpdf switch
)
Package pdftexcmds Info: LuaTeX not detected.
Package pdftexcmds Info: \pdf@primitive is available.
Package pdftexcmds Info: \pdf@ifprimitive is available.
Package pdftexcmds Info: \pdfdraftmode found.
)
(/usr/share/texlive/texmf-dist/tex/latex/oberdiek/epstopdf-base.sty
Package: epstopdf-base 2016/05/15 v2.6 Base part for package epstopdf

(/usr/share/texlive/texmf-dist/tex/latex/oberdiek/grfext.sty
Package: grfext 2016/05/16 v1.2 Manage graphics extensions (HO)

(/usr/share/texlive/texmf-dist/tex/generic/oberdiek/kvdefinekeys.sty
Package: kvdefinekeys 2016/05/16 v1.4 Define keys (HO)
))
(/usr/share/texlive/texmf-dist/tex/latex/oberdiek/kvoptions.sty
Package: kvoptions 2016/05/16 v3.12 Key value format for package options (HO)

(/usr/share/texlive/texmf-dist/tex/generic/oberdiek/kvsetkeys.sty
Package: kvsetkeys 2016/05/16 v1.17 Key value parser (HO)

(/usr/share/texlive/texmf-dist/tex/generic/oberdiek/etexcmds.sty
Package: etexcmds 2016/05/16 v1.6 Avoid name clashes with e-TeX commands (HO)
Package etexcmds Info: Could not find \expanded.
(etexcmds)             That can mean that you are not using pdfTeX 1.50 or
(etexcmds)             that some package has redefined \expanded.
(etexcmds)             In the latter case, load this package earlier.
)))
Package epstopdf-base Info: Redefining graphics rule for `.eps' on input line 4
38.
Package grfext Info: Graphics extension search list:
(grfext)             [.png,.pdf,.jpg,.mps,.jpeg,.jbig2,.jb2,.PNG,.PDF,.JPG,.JPE
G,.JBIG2,.JB2,.eps]
(grfext)             \AppendGraphicsExtensions on input line 456.

(/usr/share/texlive/texmf-dist/tex/latex/latexconfig/epstopdf-sys.cfg
File: epstopdf-sys.cfg 2010/07/13 v1.3 Configuration of (r)epstopdf for TeX Liv
e
))
LaTeX Font Info:    External font `cmex10' loaded for size
(Font)              <12> on input line 12.
LaTeX Font Info:    External font `cmex10' loaded for size
(Font)              <8> on input line 12.
LaTeX Font Info:    External font `cmex10' loaded for size
(Font)              <6> on input line 12.

[1

{/usr/share/texlive/texmf-var/fonts/map/pdftex/updmap/pdftex.map}]
(./CS2002-Practical4-Report.toc
LaTeX Font Info:    External font `cmex10' loaded for size
(Font)              <7> on input line 3.
LaTeX Font Info:    External font `cmex10' loaded for size
(Font)              <5> on input line 3.
)
\tf@toc=\write3
\openout3 = `CS2002-Practical4-Report.toc'.

 [2]
LaTeX Font Info:    Try loading font information for OMS+cmr on input line 24.

(/usr/share/texlive/texmf-dist/tex/latex/base/omscmr.fd
File: omscmr.fd 2014/09/29 v2.5h Standard LaTeX font definitions
)
LaTeX Font Info:    Font shape `OMS/cmr/m/n' in size <10> not available
(Font)              Font shape `OMS/cmsy/m/n' tried instead on input line 24.
 [3] [4]
<images/ArrayListResizeError.png, id=25, 333.245pt x 219.82124pt>
File: images/ArrayListResizeError.png Graphic file (type png)

<use images/ArrayListResizeError.png>
Package pdftex.def Info: images/ArrayListResizeError.png used on input line 74.

(pdftex.def)             Requested size: 166.62209pt x 109.91034pt.

<images/FixedArrayListResize.png, id=27, 84.315pt x 222.8325pt>
File: images/FixedArrayListResize.png Graphic file (type png)

<use images/FixedArrayListResize.png>
Package pdftex.def Info: images/FixedArrayListResize.png used on input line 80.

(pdftex.def)             Requested size: 50.58937pt x 133.70053pt.


LaTeX Warning: `!h' float specifier changed to `!ht'.

<images/SuccessfulValidation.png, id=28, 384.43625pt x 445.665pt>
File: images/SuccessfulValidation.png Graphic file (type png)

<use images/SuccessfulValidation.png>
Package pdftex.def Info: images/SuccessfulValidation.png used on input line 86.

(pdftex.def)             Requested size: 230.66351pt x 267.40106pt.


LaTeX Warning: `!h' float specifier changed to `!ht'.

[5 <./images/ArrayListResizeError.png>] [6 <./images/FixedArrayListResize.png> 
<./images/SuccessfulValidation.png>]
<images/OutputOfValidInput.png, id=38, 785.93625pt x 741.77126pt>
File: images/OutputOfValidInput.png Graphic file (type png)

<use images/OutputOfValidInput.png>
Package pdftex.def Info: images/OutputOfValidInput.png used on input line 93.
(pdftex.def)             Requested size: 392.96716pt x 370.88472pt.

Overfull \hbox (47.96716pt too wide) in paragraph at lines 93--94
 [][] 
 []

[7

 <./images/OutputOfValidInput.png>]
Underfull \hbox (badness 10000) in paragraph at lines 98--99

 []

<images/ValGrind.png, id=44, 689.57625pt x 218.8175pt>
File: images/ValGrind.png Graphic file (type png)

<use images/ValGrind.png>
Package pdftex.def Info: images/ValGrind.png used on input line 102.
(pdftex.def)             Requested size: 344.78728pt x 109.40848pt.
 <images/Repeat.png, id=45, 447.6725pt x 457.71pt>
File: images/Repeat.png Graphic file (type png)

<use images/Repeat.png>
Package pdftex.def Info: images/Repeat.png used on input line 113.
(pdftex.def)             Requested size: 223.8357pt x 228.85445pt.


LaTeX Warning: `h' float specifier changed to `ht'.


Underfull \hbox (badness 10000) in paragraph at lines 119--120
\OT1/cmr/m/n/10 https://www.hackerearth.com/practice/data-structures/linked-lis
t/singly-
 []

[8 <./images/ValGrind.png>] [9 <./images/Repeat.png>]
(./CS2002-Practical4-Report.aux) ) 
Here is how much of TeX's memory you used:
 1545 strings out of 493039
 22663 string characters out of 6136944
 82612 words of memory out of 5000000
 5084 multiletter control sequences out of 15000+600000
 8241 words of font info for 29 fonts, out of 8000000 for 9000
 1137 hyphenation exceptions out of 8191
 38i,8n,23p,1171b,239s stack positions out of 5000i,500n,10000p,200000b,80000s
 </usr/share/texlive/texmf-dist/fonts/pk/ljfo
ur/public/cm/dpi600/cmti10.pk> </usr/share/texlive/texmf-dist/fonts/pk/ljfour/p
ublic/cm/dpi600/cmr8.pk> </usr/share/texlive/texmf-dist/fonts/pk/ljfour/public/
cm/dpi600/cmr6.pk> </usr/share/texlive/texmf-dist/fonts/pk/ljfour/public/cm/dpi
600/cmr7.pk> </usr/share/texlive/texmf-dist/fonts/pk/ljfour/public/cm/dpi600/cm
sy10.pk> </cs/home/locw/.cache/texlive/texmf-var/fonts/pk/ljfour/public/cm/cmbx
12.600pk> </usr/share/texlive/texmf-dist/fonts/pk/ljfour/public/cm/dpi600/cmbx1
0.pk> </cs/home/locw/.cache/texlive/texmf-var/fonts/pk/ljfour/public/cm/cmbx12.
720pk> </usr/share/texlive/texmf-dist/fonts/pk/ljfour/public/cm/dpi600/cmr10.pk
> </usr/share/texlive/texmf-dist/fonts/pk/ljfour/public/cm/dpi600/cmr12.pk> </u
sr/share/texlive/texmf-dist/fonts/pk/ljfour/public/cm/dpi600/cmr17.pk>
Output written on CS2002-Practical4-Report.pdf (9 pages, 217048 bytes).
PDF statistics:
 356 PDF objects out of 1000 (max. 8388607)
 67 compressed objects within 1 object stream
 0 named destinations out of 1000 (max. 500000)
 31 words of extra memory for PDF output out of 10000 (max. 10000000)

